<?xml version="1.0" encoding="UTF-8"?>
<!-- Generated by org.testng.reporters.JUnitXMLReporter -->
<testsuite ignored="0" hostname="DESKTOP-SI05JPA" failures="0" tests="2" name="FirefoxTest" time="205.598" errors="0" timestamp="2022-12-21T21:01:48 IST">
  <testcase classname="amazon_project.tests.HeaderTest" name="tc_search" time="0.0">
    <skipped/>
  </testcase> <!-- tc_search -->
  <testcase classname="amazon_project.tests.HeaderTest" name="tc_address_link" time="0.0">
    <skipped/>
  </testcase> <!-- tc_address_link -->
</testsuite> <!-- FirefoxTest -->
